<?xml version="1.0" encoding="UTF-8"?>
<!-- Generated by org.testng.reporters.JUnitReportReporter -->
<testsuite skipped="0" hostname="ip-172-31-20-90" name="test.FacebookLogin" tests="1" failures="0" timestamp="05 Jun 2021 08:47:14 GMT" time="1.900" errors="0">
  <testcase name="login" time="1.900" classname="test.FacebookLogin"/>
</testsuite> <!-- test.FacebookLogin -->
